<?xml version="1.0" encoding="UTF-8"?>
<!-- Generated by org.testng.reporters.JUnitReportReporter -->
<testsuite hostname="NikhathAnjum" failures="0" tests="1" name="POM.loginTestPageFactory" time="1.107" errors="0" timestamp="2025-08-21T15:08:19 IST" skipped="0">
  <testcase classname="POM.loginTestPageFactory" name="loginPF" time="1.107"/>
</testsuite> <!-- POM.loginTestPageFactory -->
