<?xml version="1.0" encoding="UTF-8"?>
<!-- Generated by org.testng.reporters.JUnitReportReporter -->
<testsuite hostname="NikhathAnjum" failures="0" tests="1" name="demoTest.Tuesday" time="24.371" errors="0" timestamp="2025-08-20T13:44:25 IST" skipped="0">
  <testcase classname="demoTest.Tuesday" name="capturedScreenShort" time="24.371"/>
</testsuite> <!-- demoTest.Tuesday -->
