<?xml version="1.0" encoding="UTF-8"?>
<!-- Generated by org.testng.reporters.JUnitReportReporter -->
<testsuite hostname="NikhathAnjum" failures="0" tests="1" name="demoTest.Assignments" time="7.401" errors="0" timestamp="2025-08-20T11:51:36 IST" skipped="0">
  <testcase classname="demoTest.Assignments" name="datePicker_Test" time="7.401"/>
</testsuite> <!-- demoTest.Assignments -->
