<?xml version="1.0" encoding="UTF-8"?>
<!-- Generated by org.testng.reporters.JUnitReportReporter -->
<testsuite hostname="NikhathAnjum" failures="0" tests="1" name="demoTest.AppsLoginExample" time="0.019" errors="0" timestamp="2025-08-21T23:04:46 IST" skipped="0">
  <testcase classname="demoTest.AppsLoginExample" name="testMethod" time="0.019"/>
</testsuite> <!-- demoTest.AppsLoginExample -->
