<?xml version="1.0" encoding="UTF-8"?>
<!-- Generated by org.testng.reporters.JUnitReportReporter -->
<testsuite hostname="NikhathAnjum" failures="0" tests="1" name="demoTest.TestApp" time="7.217" errors="0" timestamp="2025-08-17T10:35:11 IST" skipped="0">
  <testcase classname="demoTest.TestApp" name="openApp" time="7.217"/>
</testsuite> <!-- demoTest.TestApp -->
