<?xml version="1.0" encoding="UTF-8"?>
<!-- Generated by org.testng.reporters.JUnitReportReporter -->
<testsuite hostname="NikhathAnjum" failures="0" tests="1" name="POM.login" time="1.195" errors="0" timestamp="2025-08-21T14:38:54 IST" skipped="0">
  <testcase classname="POM.login" name="TestMethod" time="1.195"/>
</testsuite> <!-- POM.login -->
