<?xml version="1.0" encoding="UTF-8"?>
<!-- Generated by org.testng.reporters.JUnitReportReporter -->
<testsuite hostname="NikhathAnjum" failures="0" tests="1" name="POM.ignoreTest" time="4.190" errors="0" timestamp="2025-08-21T23:09:23 IST" skipped="0">
  <testcase classname="POM.ignoreTest" name="testMethod" time="4.190"/>
</testsuite> <!-- POM.ignoreTest -->
