<?xml version="1.0" encoding="UTF-8"?>
<!-- Generated by org.testng.reporters.JUnitReportReporter -->
<testsuite hostname="NikhathAnjum" failures="0" tests="1" name="demoTest.SimpleParamTest" time="1.827" errors="0" timestamp="2025-08-21T14:02:37 IST" skipped="0">
  <testcase classname="demoTest.SimpleParamTest" name="m1" time="1.827"/>
</testsuite> <!-- demoTest.SimpleParamTest -->
