<?xml version="1.0" encoding="UTF-8"?>
<!-- Generated by org.testng.reporters.JUnitReportReporter -->
<testsuite hostname="NikhathAnjum" failures="0" tests="1" name="demoTest.DataProviderExample" time="4.625" errors="0" timestamp="2025-08-21T13:15:31 IST" skipped="0">
  <testcase classname="demoTest.DataProviderExample" name="testMethod" time="4.625"/>
</testsuite> <!-- demoTest.DataProviderExample -->
