<?xml version="1.0" encoding="UTF-8"?>
<!-- Generated by org.testng.reporters.JUnitReportReporter -->
<testsuite hostname="NikhathAnjum" failures="0" tests="1" name="demoTest.Locators" time="20.414" errors="0" timestamp="2025-08-18T17:31:00 IST" skipped="0">
  <testcase classname="demoTest.Locators" name="allLocatorsTest" time="20.414"/>
</testsuite> <!-- demoTest.Locators -->
